  StorePriceApp.cpp
C:\Users\desmi\source\repos\ProphecyCoffee\Group-Project---Chepeast-store-app\Project1\StorePriceApp.cpp(253,5): error C2059: syntax error: '*'
C:\Users\desmi\source\repos\ProphecyCoffee\Group-Project---Chepeast-store-app\Project1\StorePriceApp.cpp(352,2): message : see reference to class template instantiation 'CalculateData<T>' being compiled
C:\Users\desmi\source\repos\ProphecyCoffee\Group-Project---Chepeast-store-app\Project1\StorePriceApp.cpp(300,1): error C2334: unexpected token(s) preceding '{'; skipping apparent function body
C:\Users\desmi\source\repos\ProphecyCoffee\Group-Project---Chepeast-store-app\Project1\StorePriceApp.cpp(242,14): error C2760: syntax error: 'auto' was unexpected here; expected 'expression'
C:\Users\desmi\source\repos\ProphecyCoffee\Group-Project---Chepeast-store-app\Project1\StorePriceApp.cpp(242,14): error C3878: syntax error: unexpected token 'auto' following 'expression'
C:\Users\desmi\source\repos\ProphecyCoffee\Group-Project---Chepeast-store-app\Project1\StorePriceApp.cpp(242,14): message : error recovery skipped: 'auto & identifier  . . . identifier'
C:\Users\desmi\source\repos\ProphecyCoffee\Group-Project---Chepeast-store-app\Project1\StorePriceApp.cpp(242,27): error C3878: syntax error: unexpected token ':' following 'condition'
C:\Users\desmi\source\repos\ProphecyCoffee\Group-Project---Chepeast-store-app\Project1\StorePriceApp.cpp(242,27): message : missing one of:  ')' ';' ?
C:\Users\desmi\source\repos\ProphecyCoffee\Group-Project---Chepeast-store-app\Project1\StorePriceApp.cpp(242,27): message : error recovery skipped: ': identifier'
C:\Users\desmi\source\repos\ProphecyCoffee\Group-Project---Chepeast-store-app\Project1\StorePriceApp.cpp(242,34): error C2760: syntax error: ')' was unexpected here; expected ';'
